Using GPU
Regenerating dataset...
Processing...
SMILES for ALA: C[C@H](N)C(O)=O
0it [00:00, ?it/s]
Traceback (most recent call last):
  File "/home/marcus/programming/gnn-protein-dna/lib/python3.10/site-packages/Bio/File.py", line 72, in as_handle
    with open(handleish, mode, **kwargs) as fp:
TypeError: expected str, bytes or os.PathLike object, not Structure

During handling of the above exception, another exception occurred:

Traceback (most recent call last):
  File "/home/marcus/programming/structural_binding_affinity_predictions_using_gnn/src/train.py", line 260, in <module>
    main()
  File "/home/marcus/programming/structural_binding_affinity_predictions_using_gnn/src/train.py", line 255, in main
    trainer = Trainer(config, device)
  File "/home/marcus/programming/structural_binding_affinity_predictions_using_gnn/src/train.py", line 55, in __init__
    self.train_dataset = ProteinDNADataset(data_dir, cfg=config)
  File "/home/marcus/programming/structural_binding_affinity_predictions_using_gnn/src/proteinDNADataset.py", line 47, in __init__
    super(ProteinDNADataset, self).__init__(self.root_dir, transform, pre_transform)
  File "/home/marcus/programming/gnn-protein-dna/lib/python3.10/site-packages/torch_geometric/data/dataset.py", line 115, in __init__
    self._process()
  File "/home/marcus/programming/gnn-protein-dna/lib/python3.10/site-packages/torch_geometric/data/dataset.py", line 262, in _process
    self.process()
  File "/home/marcus/programming/structural_binding_affinity_predictions_using_gnn/src/proteinDNADataset.py", line 157, in process
    atom_features, pos = self._get_node_features(structure)
  File "/home/marcus/programming/structural_binding_affinity_predictions_using_gnn/src/proteinDNADataset.py", line 76, in _get_node_features
    structure = parser.get_structure("temp", file_path)
  File "/home/marcus/programming/gnn-protein-dna/lib/python3.10/site-packages/Bio/PDB/MMCIFParser.py", line 72, in get_structure
    self._mmcif_dict = MMCIF2Dict(filename)
  File "/home/marcus/programming/gnn-protein-dna/lib/python3.10/site-packages/Bio/PDB/MMCIF2Dict.py", line 30, in __init__
    token = next(tokens)
  File "/home/marcus/programming/gnn-protein-dna/lib/python3.10/site-packages/Bio/PDB/MMCIF2Dict.py", line 111, in _tokenize
    if line.startswith("#"):
AttributeError: 'Model' object has no attribute 'startswith'
Traceback (most recent call last):
  File "/home/marcus/programming/gnn-protein-dna/lib/python3.10/site-packages/Bio/File.py", line 72, in as_handle
    with open(handleish, mode, **kwargs) as fp:
TypeError: expected str, bytes or os.PathLike object, not Structure

During handling of the above exception, another exception occurred:

Traceback (most recent call last):
  File "/home/marcus/programming/structural_binding_affinity_predictions_using_gnn/src/train.py", line 260, in <module>
    main()
  File "/home/marcus/programming/structural_binding_affinity_predictions_using_gnn/src/train.py", line 255, in main
    trainer = Trainer(config, device)
  File "/home/marcus/programming/structural_binding_affinity_predictions_using_gnn/src/train.py", line 55, in __init__
    self.train_dataset = ProteinDNADataset(data_dir, cfg=config)
  File "/home/marcus/programming/structural_binding_affinity_predictions_using_gnn/src/proteinDNADataset.py", line 47, in __init__
    super(ProteinDNADataset, self).__init__(self.root_dir, transform, pre_transform)
  File "/home/marcus/programming/gnn-protein-dna/lib/python3.10/site-packages/torch_geometric/data/dataset.py", line 115, in __init__
    self._process()
  File "/home/marcus/programming/gnn-protein-dna/lib/python3.10/site-packages/torch_geometric/data/dataset.py", line 262, in _process
    self.process()
  File "/home/marcus/programming/structural_binding_affinity_predictions_using_gnn/src/proteinDNADataset.py", line 157, in process
    atom_features, pos = self._get_node_features(structure)
  File "/home/marcus/programming/structural_binding_affinity_predictions_using_gnn/src/proteinDNADataset.py", line 76, in _get_node_features
    structure = parser.get_structure("temp", file_path)
  File "/home/marcus/programming/gnn-protein-dna/lib/python3.10/site-packages/Bio/PDB/MMCIFParser.py", line 72, in get_structure
    self._mmcif_dict = MMCIF2Dict(filename)
  File "/home/marcus/programming/gnn-protein-dna/lib/python3.10/site-packages/Bio/PDB/MMCIF2Dict.py", line 30, in __init__
    token = next(tokens)
  File "/home/marcus/programming/gnn-protein-dna/lib/python3.10/site-packages/Bio/PDB/MMCIF2Dict.py", line 111, in _tokenize
    if line.startswith("#"):
AttributeError: 'Model' object has no attribute 'startswith'
